-------------------------------------------------------------------------------
Test set: bo.edu.uagrm.soe.LarosadoradaNuevoItemPrueba
-------------------------------------------------------------------------------
Tests run: 5, Failures: 1, Errors: 0, Skipped: 0, Time elapsed: 0.037 s <<< FAILURE! -- in bo.edu.uagrm.soe.LarosadoradaNuevoItemPrueba
bo.edu.uagrm.soe.LarosadoradaNuevoItemPrueba.PruebaCalidadConjuradaAlternativoAlvenderCero -- Time elapsed: 0.004 s <<< FAILURE!
org.opentest4j.AssertionFailedError: expected: <0> but was: <-1>
	at org.junit.jupiter.api.AssertionFailureBuilder.build(AssertionFailureBuilder.java:151)
	at org.junit.jupiter.api.AssertionFailureBuilder.buildAndThrow(AssertionFailureBuilder.java:132)
	at org.junit.jupiter.api.AssertEquals.failNotEqual(AssertEquals.java:197)
	at org.junit.jupiter.api.AssertEquals.assertEquals(AssertEquals.java:150)
	at org.junit.jupiter.api.AssertEquals.assertEquals(AssertEquals.java:145)
	at org.junit.jupiter.api.Assertions.assertEquals(Assertions.java:531)
	at bo.edu.uagrm.soe.LarosadoradaNuevoItemPrueba.PruebaCalidadConjuradaAlternativoAlvenderCero(LarosadoradaNuevoItemPrueba.java:78)
	at java.base/java.lang.reflect.Method.invoke(Method.java:569)
	at java.base/java.util.ArrayList.forEach(ArrayList.java:1511)
	at java.base/java.util.ArrayList.forEach(ArrayList.java:1511)

